<?xml version="1.0" encoding="UTF-8"?>
<!-- Generated by org.testng.reporters.JUnitReportReporter -->
<testsuite hostname="WINDOWS-7LD1G3T" failures="0" tests="1" name="com.expedia.testCases.TC_LoginTest_001" time="6.963" errors="0" timestamp="2021-07-16T23:45:51 PDT" skipped="0">
  <testcase classname="com.expedia.testCases.TC_LoginTest_001" name="LoginTest" time="6.963"/>
  <system-out/>
</testsuite> <!-- com.expedia.testCases.TC_LoginTest_001 -->
