<?xml version="1.0" encoding="UTF-8"?>
<!-- Generated by org.testng.reporters.JUnitReportReporter -->
<testsuite hostname="WINDOWS-7LD1G3T" failures="0" tests="1" name="com.expedia.testCases.TC_SearchFlightTest_002" time="15.973" errors="0" timestamp="2021-07-21T09:12:50 PDT" skipped="0">
  <testcase classname="com.expedia.testCases.TC_SearchFlightTest_002" name="SearchFlightTest" time="15.973"/>
  <system-out/>
</testsuite> <!-- com.expedia.testCases.TC_SearchFlightTest_002 -->
