<?xml version="1.0" encoding="UTF-8"?>
<!-- Generated by org.testng.reporters.JUnitReportReporter -->
<testsuite hostname="WINDOWS-7LD1G3T" failures="0" tests="1" name="com.expedia.testCases.TC_SearchFlight_002" time="25.430" errors="0" timestamp="2021-07-21T08:14:56 PDT" skipped="0">
  <testcase classname="com.expedia.testCases.TC_SearchFlight_002" name="SearchFlightTest" time="25.430"/>
  <system-out/>
</testsuite> <!-- com.expedia.testCases.TC_SearchFlight_002 -->
