<?xml version="1.0" encoding="UTF-8"?>
<!-- Generated by org.testng.reporters.JUnitReportReporter -->
<testsuite hostname="WINDOWS-7LD1G3T" failures="0" tests="1" name="com.expedia.testCases.TC_SearchCarsTest_003" time="10.520" errors="0" timestamp="2021-07-18T23:24:18 PDT" skipped="0">
  <testcase classname="com.expedia.testCases.TC_SearchCarsTest_003" name="SearchCarsTest" time="10.520"/>
  <system-out/>
</testsuite> <!-- com.expedia.testCases.TC_SearchCarsTest_003 -->
